{"/Users/nabeelsalam/Projects/Git/node-jest-samples/src/difference.js": {"path":"/Users/nabeelsalam/Projects/Git/node-jest-samples/src/difference.js","statementMap":{"0":{"start":{"line":2,"column":2},"end":{"line":2,"column":15}},"1":{"start":{"line":4,"column":0},"end":{"line":4,"column":21}}},"fnMap":{"0":{"name":"sum","decl":{"start":{"line":1,"column":9},"end":{"line":1,"column":12}},"loc":{"start":{"line":1,"column":19},"end":{"line":3,"column":1}},"line":1}},"branchMap":{},"s":{"0":2,"1":1},"f":{"0":2},"b":{},"_coverageSchema":"1a1c01bbd47fc00a2c39e90264f33305004495a9","hash":"bf3db7471e80b49cdaaf3fb661aefd301729297a"}
,"/Users/nabeelsalam/Projects/Git/node-jest-samples/src/sum.js": {"path":"/Users/nabeelsalam/Projects/Git/node-jest-samples/src/sum.js","statementMap":{"0":{"start":{"line":2,"column":2},"end":{"line":2,"column":15}},"1":{"start":{"line":6,"column":2},"end":{"line":6,"column":20}},"2":{"start":{"line":9,"column":0},"end":{"line":9,"column":37}}},"fnMap":{"0":{"name":"sum","decl":{"start":{"line":1,"column":9},"end":{"line":1,"column":12}},"loc":{"start":{"line":1,"column":19},"end":{"line":3,"column":1}},"line":1},"1":{"name":"sum_string","decl":{"start":{"line":5,"column":9},"end":{"line":5,"column":19}},"loc":{"start":{"line":5,"column":26},"end":{"line":7,"column":1}},"line":5}},"branchMap":{},"s":{"0":3,"1":1,"2":1},"f":{"0":3,"1":1},"b":{},"_coverageSchema":"1a1c01bbd47fc00a2c39e90264f33305004495a9","hash":"45cb118f3aa685c97718f6811d1d6480f71dbf7f"}
}
